<?xml version="1.0" encoding="UTF-8"?>
<!-- Generated by org.testng.reporters.JUnitReportReporter -->
<testsuite hostname="dc94fd5f9b93" failures="0" tests="9" name="com_178karthik.tests.vendorportal.VendorPortalTest" time="20.042" errors="0" timestamp="2024-09-06T03:58:06 GMT" skipped="0">
  <testcase classname="com_178karthik.tests.vendorportal.VendorPortalTest" name="loginTest" time="0.925"/>
  <testcase classname="com_178karthik.tests.vendorportal.VendorPortalTest" name="logoutTest" time="1.511"/>
  <testcase classname="com_178karthik.tests.vendorportal.VendorPortalTest" name="logoutTest" time="1.650"/>
  <testcase classname="com_178karthik.tests.vendorportal.VendorPortalTest" name="dashboardTest" time="3.083"/>
  <testcase classname="com_178karthik.tests.vendorportal.VendorPortalTest" name="logoutTest" time="1.577"/>
  <testcase classname="com_178karthik.tests.vendorportal.VendorPortalTest" name="dashboardTest" time="3.231"/>
  <testcase classname="com_178karthik.tests.vendorportal.VendorPortalTest" name="loginTest" time="1.923"/>
  <testcase classname="com_178karthik.tests.vendorportal.VendorPortalTest" name="dashboardTest" time="4.220"/>
  <testcase classname="com_178karthik.tests.vendorportal.VendorPortalTest" name="loginTest" time="1.922"/>
</testsuite> <!-- com_178karthik.tests.vendorportal.VendorPortalTest -->
